<?xml version="1.0" encoding="utf-8"?><testsuites name="pytest tests"><testsuite name="pytest" errors="0" failures="1" skipped="0" tests="13" time="1.068" timestamp="2026-04-29T09:30:10.908484+00:00" hostname="agent-env-8a37ee70-57d6-4e95-a141-91ac5b5c67b5"><testcase classname="backend.tests.test_ia_match_v4.TestNewsV4" name="test_news_returns_10" time="0.293" /><testcase classname="backend.tests.test_ia_match_v4.TestNewsV4" name="test_news_n1_is_gpt55" time="0.047" /><testcase classname="backend.tests.test_ia_match_v4.TestNewsV4" name="test_news_required_topics_present" time="0.049" /><testcase classname="backend.tests.test_ia_match_v4.TestNewsV4" name="test_news_all_have_300plus_word_body" time="0.047"><failure message="AssertionError: articles below 300 words: ['n2', 'n4']&#10;assert not ['n2', 'n4']">backend/tests/test_ia_match_v4.py:51: in test_news_all_have_300plus_word_body
    assert not flagged, f"articles below 300 words: {flagged}"
E   AssertionError: articles below 300 words: ['n2', 'n4']
E   assert not ['n2', 'n4']</failure></testcase><testcase classname="backend.tests.test_ia_match_v4.TestNewsV4" name="test_news_detail_n1" time="0.046" /><testcase classname="backend.tests.test_ia_match_v4.TestLessonsV4" name="test_lessons_returns_10" time="0.044" /><testcase classname="backend.tests.test_ia_match_v4.TestLessonsV4" name="test_lessons_specific_topics" time="0.047" /><testcase classname="backend.tests.test_ia_match_v4.TestLessonsV4" name="test_lessons_have_required_fields" time="0.048" /><testcase classname="backend.tests.test_ia_match_v4.TestTemplatesV4" name="test_templates_returns_15" time="0.044" /><testcase classname="backend.tests.test_ia_match_v4.TestTemplatesV4" name="test_templates_split_5_5_5" time="0.046" /><testcase classname="backend.tests.test_ia_match_v4.TestTemplatesV4" name="test_filter_templates_by_level" time="0.149" /><testcase classname="backend.tests.test_ia_match_v4.TestRegression" name="test_tools_still_48" time="0.050" /><testcase classname="backend.tests.test_ia_match_v4.TestRegression" name="test_resources_still_12" time="0.048" /></testsuite></testsuites>