<?xml version="1.0" encoding="utf-8"?><testsuites name="pytest tests"><testsuite name="pytest" errors="0" failures="0" skipped="0" tests="16" time="1.567" timestamp="2026-04-28T15:28:25.448536+00:00" hostname="agent-env-8a37ee70-57d6-4e95-a141-91ac5b5c67b5"><testcase classname="tests.test_ia_match" name="test_list_tools_returns_20" time="0.302" /><testcase classname="tests.test_ia_match" name="test_get_single_tool_chatgpt" time="0.061" /><testcase classname="tests.test_ia_match" name="test_get_unknown_tool_404" time="0.052" /><testcase classname="tests.test_ia_match" name="test_categories_returns_7" time="0.051" /><testcase classname="tests.test_ia_match" name="test_benchmarks_sorting[speed-speedMs-False]" time="0.052" /><testcase classname="tests.test_ia_match" name="test_benchmarks_sorting[accuracy-accuracyPct-True]" time="0.268" /><testcase classname="tests.test_ia_match" name="test_benchmarks_sorting[score-score-True]" time="0.051" /><testcase classname="tests.test_ia_match" name="test_benchmarks_price_free_first" time="0.053" /><testcase classname="tests.test_ia_match" name="test_match_cv_returns_chatgpt_top" time="0.053" /><testcase classname="tests.test_ia_match" name="test_match_priority_speed_orders_fast" time="0.057" /><testcase classname="tests.test_ia_match" name="test_match_free_only_filters" time="0.058" /><testcase classname="tests.test_ia_match" name="test_match_empty_need_400" time="0.049" /><testcase classname="tests.test_ia_match" name="test_ratings_create_and_aggregate" time="0.167" /><testcase classname="tests.test_ia_match" name="test_ratings_score_too_high_400" time="0.051" /><testcase classname="tests.test_ia_match" name="test_ratings_score_negative_400" time="0.055" /><testcase classname="tests.test_ia_match" name="test_ratings_unknown_tool_404" time="0.050" /></testsuite></testsuites>