<?xml version="1.0" encoding="utf-8"?><testsuites name="pytest tests"><testsuite name="pytest" errors="0" failures="0" skipped="0" tests="33" time="4.203" timestamp="2026-04-29T09:12:03.721845+00:00" hostname="agent-env-8a37ee70-57d6-4e95-a141-91ac5b5c67b5"><testcase classname="backend.tests.test_ia_match_v3.TestNewsV3" name="test_news_returns_7_with_new_fields" time="0.357" /><testcase classname="backend.tests.test_ia_match_v3.TestNewsV3" name="test_news_n1_full_article" time="0.050" /><testcase classname="backend.tests.test_ia_match_v3.TestToolsV3" name="test_tools_have_domain" time="0.055" /><testcase classname="backend.tests.test_ia_match_v3.TestToolsV3" name="test_tool_chatgpt_domain" time="0.048" /><testcase classname="backend.tests.test_ia_match_v3.TestResources" name="test_list_resources" time="0.046" /><testcase classname="backend.tests.test_ia_match_v3.TestResources" name="test_filter_resources_by_category" time="0.148" /><testcase classname="backend.tests.test_ia_match_v3.TestBuilderRun" name="test_builder_run_simple" time="1.958" /><testcase classname="backend.tests.test_ia_match_v3.TestBuilderRun" name="test_builder_run_empty_prompt" time="0.044" /><testcase classname="backend.tests.test_ia_match_v2.TestHealth" name="test_root" time="0.129" /><testcase classname="backend.tests.test_ia_match_v2.TestCatalog" name="test_categories" time="0.046" /><testcase classname="backend.tests.test_ia_match_v2.TestCatalog" name="test_tools_count_48" time="0.048" /><testcase classname="backend.tests.test_ia_match_v2.TestCatalog" name="test_tools_have_clearbit_logos" time="0.046" /><testcase classname="backend.tests.test_ia_match_v2.TestCatalog" name="test_tools_filter_image_category" time="0.042" /><testcase classname="backend.tests.test_ia_match_v2.TestCatalog" name="test_tools_search_chatgpt" time="0.043" /><testcase classname="backend.tests.test_ia_match_v2.TestCatalog" name="test_tools_free_only" time="0.044" /><testcase classname="backend.tests.test_ia_match_v2.TestCatalog" name="test_tools_sort_speed" time="0.046" /><testcase classname="backend.tests.test_ia_match_v2.TestCatalog" name="test_tool_detail_chatgpt" time="0.046" /><testcase classname="backend.tests.test_ia_match_v2.TestCatalog" name="test_tool_detail_404" time="0.045" /><testcase classname="backend.tests.test_ia_match_v2.TestMatch" name="test_match_cv" time="0.045" /><testcase classname="backend.tests.test_ia_match_v2.TestMatch" name="test_match_empty_need" time="0.057" /><testcase classname="backend.tests.test_ia_match_v2.TestBenchmarks" name="test_benchmarks_returns_48_rows" time="0.042" /><testcase classname="backend.tests.test_ia_match_v2.TestBenchmarks" name="test_benchmarks_sort_accuracy" time="0.043" /><testcase classname="backend.tests.test_ia_match_v2.TestRatings" name="test_create_and_get_rating" time="0.087" /><testcase classname="backend.tests.test_ia_match_v2.TestRatings" name="test_rating_invalid_score" time="0.045" /><testcase classname="backend.tests.test_ia_match_v2.TestRatings" name="test_rating_unknown_tool" time="0.044" /><testcase classname="backend.tests.test_ia_match_v2.TestNews" name="test_list_news" time="0.042" /><testcase classname="backend.tests.test_ia_match_v2.TestNews" name="test_get_featured_article" time="0.044" /><testcase classname="backend.tests.test_ia_match_v2.TestNews" name="test_news_404" time="0.043" /><testcase classname="backend.tests.test_ia_match_v2.TestLessons" name="test_list_lessons_sorted" time="0.041" /><testcase classname="backend.tests.test_ia_match_v2.TestLessons" name="test_lesson_detail" time="0.042" /><testcase classname="backend.tests.test_ia_match_v2.TestTemplates" name="test_list_templates" time="0.042" /><testcase classname="backend.tests.test_ia_match_v2.TestTemplates" name="test_template_detail" time="0.045" /><testcase classname="backend.tests.test_ia_match_v2.TestTemplates" name="test_templates_filter_by_level" time="0.042" /></testsuite></testsuites>